\\vmwfil01\homedrives23$\p513692\visual studio 2013\projects\dx\dx\debug\vc120.pdb
\\vmwfil01\homedrives23$\p513692\visual studio 2013\projects\dx\dx\debug\vc120.idb
\\vmwfil01\homedrives23$\p513692\visual studio 2013\projects\dx\dx\debug\baseapplication.obj
\\vmwfil01\homedrives23$\p513692\visual studio 2013\projects\dx\dx\debug\basemesh.obj
\\vmwfil01\homedrives23$\p513692\visual studio 2013\projects\dx\dx\debug\baseshader.obj
\\vmwfil01\homedrives23$\p513692\visual studio 2013\projects\dx\dx\debug\camera.obj
\\vmwfil01\homedrives23$\p513692\visual studio 2013\projects\dx\dx\debug\colourshader.obj
\\vmwfil01\homedrives23$\p513692\visual studio 2013\projects\dx\dx\debug\d3d.obj
\\vmwfil01\homedrives23$\p513692\visual studio 2013\projects\dx\dx\debug\input.obj
\\vmwfil01\homedrives23$\p513692\visual studio 2013\projects\dx\dx\debug\lab1.obj
\\vmwfil01\homedrives23$\p513692\visual studio 2013\projects\dx\dx\debug\main.obj
\\vmwfil01\homedrives23$\p513692\visual studio 2013\projects\dx\dx\debug\mesh.obj
\\vmwfil01\homedrives23$\p513692\visual studio 2013\projects\dx\dx\debug\system.obj
\\vmwfil01\homedrives23$\p513692\visual studio 2013\projects\dx\dx\debug\texture.obj
\\vmwfil01\homedrives23$\p513692\visual studio 2013\projects\dx\dx\debug\textureshader.obj
\\vmwfil01\homedrives23$\p513692\visual studio 2013\projects\dx\dx\debug\timer.obj
\\vmwfil01\homedrives23$\p513692\visual studio 2013\projects\dx\dx\debug\trianglemesh.obj
\\vmwfil01\homedrives23$\p513692\visual studio 2013\projects\dx\dx\debug\rendertexture.obj
\\vmwfil01\homedrives23$\p513692\visual studio 2013\projects\dx\dx\debug\orthomesh.obj
\\vmwfil01\homedrives23$\p513692\visual studio 2013\projects\dx\dx\debug\lab2.obj
\\vmwfil01\homedrives23$\p513692\visual studio 2013\projects\dx\dx\debug\quadmesh.obj
\\vmwfil01\homedrives23$\p513692\visual studio 2013\projects\dx\dx\debug\spheremesh.obj
\\vmwfil01\homedrives23$\p513692\visual studio 2013\projects\dx\dx\debug\lab3.obj
\\vmwfil01\homedrives23$\p513692\visual studio 2013\projects\dx\dx\debug\light.obj
\\vmwfil01\homedrives23$\p513692\visual studio 2013\projects\dx\dx\debug\lightshader.obj
\\vmwfil01\homedrives23$\p513692\visual studio 2013\projects\dx\dx\debug\planemesh.obj
\\vmwfil01\homedrives23$\p513692\visual studio 2013\projects\dx\dx\debug\model.obj
\\vmwfil01\homedrives23$\p513692\visual studio 2013\projects\dx\dx\debug\lab4.obj
\\vmwfil01\homedrives23$\p513692\visual studio 2013\projects\dx\dx\debug\multilightshader.obj
\\vmwfil01\homedrives23$\p513692\visual studio 2013\projects\dx\dx\debug\pointlightshader.obj
\\vmwfil01\homedrives23$\p513692\visual studio 2013\projects\dx\dx\debug\lab4p.obj
\\vmwfil01\homedrives23$\p513692\visual studio 2013\projects\dx\dx\debug\lab4s.obj
\\vmwfil01\homedrives23$\p513692\visual studio 2013\projects\dx\dx\debug\speclightshader.obj
\\vmwfil01\homedrives23$\p513692\visual studio 2013\projects\dx\dx\debug\lab5.obj
\\vmwfil01\homedrives23$\p513692\visual studio 2013\projects\dx\dx\debug\vertexmanipulationshader.obj
\\vmwfil01\homedrives23$\p513692\visual studio 2013\projects\dx\dx\debug\meshmorphshader.obj
\\vmwfil01\homedrives23$\p513692\visual studio 2013\projects\dx\dx\debug\cubemesh.obj
\\vmwfil01\homedrives23$\p513692\visual studio 2013\projects\dx\dx\debug\lab6.obj
\\vmwfil01\homedrives23$\p513692\visual studio 2013\projects\dx\dx\debug\horizontalblurshader.obj
\\vmwfil01\homedrives23$\p513692\visual studio 2013\projects\dx\dx\debug\lab7.obj
\\vmwfil01\homedrives23$\p513692\visual studio 2013\projects\dx\dx\debug\verticalblurshader.obj
\\vmwfil01\homedrives23$\p513692\visual studio 2013\projects\dx\dx\debug\boxblurshader.obj
\\vmwfil01\homedrives23$\p513692\visual studio 2013\projects\dx\dx\debug\lab7b.obj
\\vmwfil01\homedrives23$\p513692\visual studio 2013\projects\dx\dx\debug\tessellationmesh.obj
\\vmwfil01\homedrives23$\p513692\visual studio 2013\projects\dx\dx\debug\tessellationshader.obj
\\vmwfil01\homedrives23$\p513692\visual studio 2013\projects\dx\dx\debug\lab8.obj
\\vmwfil01\homedrives23$\p513692\visual studio 2013\projects\dx\dx\debug\tokenstream.obj
\\vmwfil01\homedrives23$\p513692\visual studio 2013\projects\dx\dx\debug\depthshader.obj
\\vmwfil01\homedrives23$\p513692\visual studio 2013\projects\dx\dx\debug\lab9.obj
\\vmwfil01\homedrives23$\p513692\visual studio 2013\projects\dx\dx\debug\shadowshader.obj
\\vmwfil01\homedrives23$\p513692\visual studio 2013\projects\dx\dx\debug\lab10.obj
\\vmwfil01\homedrives23$\p513692\visual studio 2013\projects\dx\dx\debug\geometryshader.obj
\\vmwfil01\homedrives23$\p513692\visual studio 2013\projects\dx\dx\debug\pointmesh.obj
\\vmwfil01\homedrives23$\p513692\teaching\2015-16\ag0904a\dx\dx\debug\vc120.pdb
\\vmwfil01\homedrives23$\p513692\teaching\2015-16\ag0904a\dx\dx\debug\vc120.idb
\\vmwfil01\homedrives23$\p513692\teaching\2015-16\ag0904a\dx\dx\debug\application.obj
\\vmwfil01\homedrives23$\p513692\teaching\2015-16\ag0904a\dx\dx\debug\multilightshader.obj
\\vmwfil01\homedrives23$\p513692\teaching\2015-16\ag0904a\dx\dx\debug\orthomesh.obj
\\vmwfil01\homedrives23$\p513692\teaching\2015-16\ag0904a\dx\dx\debug\planemesh.obj
\\vmwfil01\homedrives23$\p513692\teaching\2015-16\ag0904a\dx\dx\debug\pointlightshader.obj
\\vmwfil01\homedrives23$\p513692\teaching\2015-16\ag0904a\dx\dx\debug\pointmesh.obj
\\vmwfil01\homedrives23$\p513692\teaching\2015-16\ag0904a\dx\dx\debug\quadmesh.obj
\\vmwfil01\homedrives23$\p513692\teaching\2015-16\ag0904a\dx\dx\debug\rendertexture.obj
\\vmwfil01\homedrives23$\p513692\teaching\2015-16\ag0904a\dx\dx\debug\shadowshader.obj
\\vmwfil01\homedrives23$\p513692\teaching\2015-16\ag0904a\dx\dx\debug\speclightshader.obj
\\vmwfil01\homedrives23$\p513692\teaching\2015-16\ag0904a\dx\dx\debug\spheremesh.obj
\\vmwfil01\homedrives23$\p513692\teaching\2015-16\ag0904a\dx\dx\debug\system.obj
\\vmwfil01\homedrives23$\p513692\teaching\2015-16\ag0904a\dx\dx\debug\tessellationmesh.obj
\\vmwfil01\homedrives23$\p513692\teaching\2015-16\ag0904a\dx\dx\debug\tessellationshader.obj
\\vmwfil01\homedrives23$\p513692\teaching\2015-16\ag0904a\dx\dx\debug\texture.obj
\\vmwfil01\homedrives23$\p513692\teaching\2015-16\ag0904a\dx\dx\debug\textureshader.obj
\\vmwfil01\homedrives23$\p513692\teaching\2015-16\ag0904a\dx\dx\debug\timer.obj
\\vmwfil01\homedrives23$\p513692\teaching\2015-16\ag0904a\dx\dx\debug\tokenstream.obj
\\vmwfil01\homedrives23$\p513692\teaching\2015-16\ag0904a\dx\dx\debug\trianglemesh.obj
\\vmwfil01\homedrives23$\p513692\teaching\2015-16\ag0904a\dx\dx\debug\vertexmanipulationshader.obj
\\vmwfil01\homedrives23$\p513692\teaching\2015-16\ag0904a\dx\dx\debug\verticalblurshader.obj
\\vmwfil01\homedrives23$\p513692\teaching\2015-16\ag0904a\dx\dx\debug\input.obj
\\vmwfil01\homedrives23$\p513692\teaching\2015-16\ag0904a\dx\dx\debug\lab1.obj
\\vmwfil01\homedrives23$\p513692\teaching\2015-16\ag0904a\dx\dx\debug\lab10.obj
\\vmwfil01\homedrives23$\p513692\teaching\2015-16\ag0904a\dx\dx\debug\lab2.obj
\\vmwfil01\homedrives23$\p513692\teaching\2015-16\ag0904a\dx\dx\debug\lab3.obj
\\vmwfil01\homedrives23$\p513692\teaching\2015-16\ag0904a\dx\dx\debug\lab4.obj
\\vmwfil01\homedrives23$\p513692\teaching\2015-16\ag0904a\dx\dx\debug\lab4p.obj
\\vmwfil01\homedrives23$\p513692\teaching\2015-16\ag0904a\dx\dx\debug\lab4s.obj
\\vmwfil01\homedrives23$\p513692\teaching\2015-16\ag0904a\dx\dx\debug\lab5.obj
\\vmwfil01\homedrives23$\p513692\teaching\2015-16\ag0904a\dx\dx\debug\lab6.obj
\\vmwfil01\homedrives23$\p513692\teaching\2015-16\ag0904a\dx\dx\debug\lab7.obj
\\vmwfil01\homedrives23$\p513692\teaching\2015-16\ag0904a\dx\dx\debug\lab7b.obj
\\vmwfil01\homedrives23$\p513692\teaching\2015-16\ag0904a\dx\dx\debug\lab8.obj
\\vmwfil01\homedrives23$\p513692\teaching\2015-16\ag0904a\dx\dx\debug\lab9.obj
\\vmwfil01\homedrives23$\p513692\teaching\2015-16\ag0904a\dx\dx\debug\light.obj
\\vmwfil01\homedrives23$\p513692\teaching\2015-16\ag0904a\dx\dx\debug\lightshader.obj
\\vmwfil01\homedrives23$\p513692\teaching\2015-16\ag0904a\dx\dx\debug\main.obj
\\vmwfil01\homedrives23$\p513692\teaching\2015-16\ag0904a\dx\dx\debug\mesh.obj
\\vmwfil01\homedrives23$\p513692\teaching\2015-16\ag0904a\dx\dx\debug\meshmorphshader.obj
\\vmwfil01\homedrives23$\p513692\teaching\2015-16\ag0904a\dx\dx\debug\model.obj
\\vmwfil01\homedrives23$\p513692\teaching\2015-16\ag0904a\dx\dx\debug\baseapplication.obj
\\vmwfil01\homedrives23$\p513692\teaching\2015-16\ag0904a\dx\dx\debug\basemesh.obj
\\vmwfil01\homedrives23$\p513692\teaching\2015-16\ag0904a\dx\dx\debug\baseshader.obj
\\vmwfil01\homedrives23$\p513692\teaching\2015-16\ag0904a\dx\dx\debug\boxblurshader.obj
\\vmwfil01\homedrives23$\p513692\teaching\2015-16\ag0904a\dx\dx\debug\camera.obj
\\vmwfil01\homedrives23$\p513692\teaching\2015-16\ag0904a\dx\dx\debug\colourshader.obj
\\vmwfil01\homedrives23$\p513692\teaching\2015-16\ag0904a\dx\dx\debug\cubemesh.obj
\\vmwfil01\homedrives23$\p513692\teaching\2015-16\ag0904a\dx\dx\debug\d3d.obj
\\vmwfil01\homedrives23$\p513692\teaching\2015-16\ag0904a\dx\dx\debug\depthshader.obj
\\vmwfil01\homedrives23$\p513692\teaching\2015-16\ag0904a\dx\dx\debug\geometryshader.obj
\\vmwfil01\homedrives23$\p513692\teaching\2015-16\ag0904a\dx\dx\debug\horizontalblurshader.obj
\\vmwfil01\homedrives23$\p513692\teaching\2015-16\ag0904a\dx\debug\boxblur_ps.cso
\\vmwfil01\homedrives23$\p513692\teaching\2015-16\ag0904a\dx\debug\boxblur_vs.cso
\\vmwfil01\homedrives23$\p513692\teaching\2015-16\ag0904a\dx\debug\colour_ps.cso
\\vmwfil01\homedrives23$\p513692\teaching\2015-16\ag0904a\dx\debug\colour_vs.cso
\\vmwfil01\homedrives23$\p513692\teaching\2015-16\ag0904a\dx\debug\depth_ps.cso
\\vmwfil01\homedrives23$\p513692\teaching\2015-16\ag0904a\dx\debug\depth_vs.cso
\\vmwfil01\homedrives23$\p513692\teaching\2015-16\ag0904a\dx\debug\horizontalblur_ps.cso
\\vmwfil01\homedrives23$\p513692\teaching\2015-16\ag0904a\dx\debug\horizontalblur_vs.cso
\\vmwfil01\homedrives23$\p513692\teaching\2015-16\ag0904a\dx\debug\light_ps.cso
\\vmwfil01\homedrives23$\p513692\teaching\2015-16\ag0904a\dx\debug\light_vs.cso
\\vmwfil01\homedrives23$\p513692\teaching\2015-16\ag0904a\dx\debug\multilight_ps.cso
\\vmwfil01\homedrives23$\p513692\teaching\2015-16\ag0904a\dx\debug\multilight_vs.cso
\\vmwfil01\homedrives23$\p513692\teaching\2015-16\ag0904a\dx\debug\pointlight_ps.cso
\\vmwfil01\homedrives23$\p513692\teaching\2015-16\ag0904a\dx\debug\pointlight_vs.cso
\\vmwfil01\homedrives23$\p513692\teaching\2015-16\ag0904a\dx\debug\shadow_ps.cso
\\vmwfil01\homedrives23$\p513692\teaching\2015-16\ag0904a\dx\debug\shadow_vs.cso
\\vmwfil01\homedrives23$\p513692\teaching\2015-16\ag0904a\dx\debug\speclight_ps.cso
\\vmwfil01\homedrives23$\p513692\teaching\2015-16\ag0904a\dx\debug\speclight_vs.cso
\\vmwfil01\homedrives23$\p513692\teaching\2015-16\ag0904a\dx\debug\tessellation_ds.cso
\\vmwfil01\homedrives23$\p513692\teaching\2015-16\ag0904a\dx\debug\tessellation_hs.cso
\\vmwfil01\homedrives23$\p513692\teaching\2015-16\ag0904a\dx\debug\tessellation_ps.cso
\\vmwfil01\homedrives23$\p513692\teaching\2015-16\ag0904a\dx\debug\tessellation_vs.cso
\\vmwfil01\homedrives23$\p513692\teaching\2015-16\ag0904a\dx\debug\texture_ps.cso
\\vmwfil01\homedrives23$\p513692\teaching\2015-16\ag0904a\dx\debug\texture_vs.cso
\\vmwfil01\homedrives23$\p513692\teaching\2015-16\ag0904a\dx\debug\triangle_gs.cso
\\vmwfil01\homedrives23$\p513692\teaching\2015-16\ag0904a\dx\debug\triangle_ps.cso
\\vmwfil01\homedrives23$\p513692\teaching\2015-16\ag0904a\dx\debug\triangle_vs.cso
\\vmwfil01\homedrives23$\p513692\teaching\2015-16\ag0904a\dx\debug\vertexmanipulation2_ps.cso
\\vmwfil01\homedrives23$\p513692\teaching\2015-16\ag0904a\dx\debug\vertexmanipulation2_vs.cso
\\vmwfil01\homedrives23$\p513692\teaching\2015-16\ag0904a\dx\debug\vertexmanipulation3_vs.cso
\\vmwfil01\homedrives23$\p513692\teaching\2015-16\ag0904a\dx\debug\vertexmanipulation_ps.cso
\\vmwfil01\homedrives23$\p513692\teaching\2015-16\ag0904a\dx\debug\vertexmanipulation_vs.cso
\\vmwfil01\homedrives23$\p513692\teaching\2015-16\ag0904a\dx\debug\verticalblur_ps.cso
\\vmwfil01\homedrives23$\p513692\teaching\2015-16\ag0904a\dx\debug\verticalblur_vs.cso
\\vmwfil01\homedrives23$\p513692\visual studio 2013\projects\dx\debug\dx.ilk
\\vmwfil01\homedrives23$\p513692\visual studio 2013\projects\dx\debug\dx.exe
\\vmwfil01\homedrives23$\p513692\visual studio 2013\projects\dx\debug\dx.pdb
\\vmwfil01\homedrives23$\p513692\teaching\2015-16\ag0904a\dx\debug\dx.ilk
\\vmwfil01\homedrives23$\p513692\teaching\2015-16\ag0904a\dx\debug\dx.exe
\\vmwfil01\homedrives23$\p513692\teaching\2015-16\ag0904a\dx\debug\dx.pdb
\\vmwfil01\homedrives23$\p513692\teaching\2015-16\ag0904a\dx\dx\debug\dx.tlog\cl.command.1.tlog
\\vmwfil01\homedrives23$\p513692\teaching\2015-16\ag0904a\dx\dx\debug\dx.tlog\cl.read.1.tlog
\\vmwfil01\homedrives23$\p513692\teaching\2015-16\ag0904a\dx\dx\debug\dx.tlog\cl.write.1.tlog
\\vmwfil01\homedrives23$\p513692\teaching\2015-16\ag0904a\dx\dx\debug\dx.tlog\dx.write.1u.tlog
\\vmwfil01\homedrives23$\p513692\teaching\2015-16\ag0904a\dx\dx\debug\dx.tlog\fxc.command.1.tlog
\\vmwfil01\homedrives23$\p513692\teaching\2015-16\ag0904a\dx\dx\debug\dx.tlog\fxc.read.1.tlog
\\vmwfil01\homedrives23$\p513692\teaching\2015-16\ag0904a\dx\dx\debug\dx.tlog\fxc.write.1.tlog
\\vmwfil01\homedrives23$\p513692\teaching\2015-16\ag0904a\dx\dx\debug\dx.tlog\link.command.1.tlog
\\vmwfil01\homedrives23$\p513692\teaching\2015-16\ag0904a\dx\dx\debug\dx.tlog\link.read.1.tlog
\\vmwfil01\homedrives23$\p513692\teaching\2015-16\ag0904a\dx\dx\debug\dx.tlog\link.write.1.tlog
